<?xml version="1.0" encoding="UTF-8"?>
<!-- Generated by org.testng.reporters.JUnitReportReporter -->
<testsuite skipped="0" hostname="LAPTOP-0SRMIB86" name="com.pnt.bdd.Runner" tests="1" failures="0" timestamp="2021-11-09T18:09:48 EST" time="51.151" errors="0">
  <testcase name="feature" time="51.151" classname="com.pnt.bdd.Runner"/>
  <system-out/>
</testsuite> <!-- com.pnt.bdd.Runner -->
